6 6
2 0 68 0 -1 0 0
2 0 4 0 -1 0 0
2 0 8 0 -1 0 0
2 0 8 0 -1 0 0
2 0 4 0 -1 0 0
2 0 20 0 -1 0 0
2 0 64 0 -1 0 0
2 0 0 0 -1 0 0
2 0 0 0 -1 0 0
2 0 0 0 -1 0 0
2 0 0 0 -1 0 0
2 0 32 0 -1 0 0
2 0 64 0 -1 0 0
2 0 0 0 -1 0 0
6 0 132 0 -1 0 0
3 0 8 0 0 0 0
2 0 64 0 -1 0 0
2 0 16 0 -1 0 0
2 0 64 0 -1 0 0
2 0 68 1 -1 0 0
3 0 64 0 1 0 0
5 0 0 0 -1 0 0
2 0 128 0 -1 0 0
2 0 80 0 -1 0 0
2 0 128 0 -1 0 0
2 0 4 0 -1 0 0
2 0 8 0 -1 0 0
2 0 4 0 -1 0 0
2 0 0 0 -1 0 0
2 0 36 0 -1 0 0
2 0 65 0 -1 0 0
2 0 1 0 -1 0 0
2 0 2 0 -1 0 0
2 0 2 0 -1 0 0
2 0 1 0 -1 0 0
2 0 17 0 -1 0 0
2
7 3 3 3 1 |\\###\0####
6 3 3 3 1 |\\#/#\0####
