########################################################################
#  +-+   |        |        |        |        |  +-+   #  +-+   |  +-+   
#  |R|   |        |        |        |        |  |R|   #  |P|   |  |o|   
#  +-+   |        |        |        |        |  +-+   #  +-+   |  +-+   
#        |        |        |        |        |        #        |        
#--------+--------+--------+--------+--------+--------#--------+--------
#        |        |        |        |        |        #        |        
#        |        |        |        |        |        #        |        
#        |        |        |        |        |        #        |        
#        |        |        |        |        |        #        |        
#--------+--------+--------+--------+--------+--------#--------+--------
#        |        |        |        |        |        #        |        
#        |        |        |        |        |        #        |        
#        |        |        |        |        |        #        |        
#        |        |        |        |        |        #        |        
#--------+--------+--------+--------+--------+--------/--------+--------
#        |        |        |        |        |        /        |        
#        |        |        |        |        |        /        |        
#        |        |        |        |        |        /        |        
#        |        |        |        |        |        /        |        
#--------+--------+--------+--------+--------+--------#--------+--------
#        |        |        |        |        |        #        |        
#        |        |        |        |        |        #        |        
#        |        |        |        |        |        #        |        
#        |        |        |        |        |        #        |        
#--------+--------+--------+--------+--------+--------#--------+--------
#        |        |        |        |        |        #        |        
#        |        |        |        |        |        #        |        
#        |        |        |        |        |        #        |        
#        |        |        |        |        |        #        |        
###########################/////////####################################
                  #  +-+   |        |        #        #  +-+   |        
                  #  |P|   |        |        #        #  |P|   |        
                  #  +-+   |        |        #        #  +-+   |        
                  #        |        |        #        #        |        
                  #--------+--------+--------#        #--------+--------
                  #  +-+   |        |        #        #        |        
                  #  |l|   |        |        #        #        |        
                  #  +-+   |        |        #        #        |        
                  #        |        |        #        #        |        
                  #--------+--------+--------#        #--------+--------
                  #  +-+   |        |        #        #        |        
                  #  |a|   |        |        #        #        |        
                  #  +-+   |        |        #        #        |        
                  #        |        |        #        #        |        
                  #--------+--------+--------#        #--------+--------
                  #  +-+   |        |        #        #        |        
                  #  |t|   |        |        #        #        |        
                  #  +-+   |        |        #        #        |        
                  #        |        |        #        #        |        
                  #--------+--------+--------#        #--------+--------
                  #  +-+   |        |        #        #        |        
                  #  |e|   |        |        #        #        |        
                  #  +-+   |        |        #        #        |        
                  #        |        |        #        #        |        
                  #########/////////#########         #--------+--------
                                                      #  +-+   |        
                                                      #  |N|   |        
                                                      #  +-+   |        
                                                      #        |        




########################################################################
|  +-+   |  +-+   |  +-+   |  +-+   #        |        |        |        
|  |l|   |  |i|   |  |t|   |  |e|   #        |        |        |        
|  +-+   |  +-+   |  +-+   |  +-+   #        |        |        |        
|        |        |        |        #        |        |        |        
+--------+--------+--------+--------#--------+--------+--------+--------
|        |        |        |        #        |        |        |        
|        |        |        |        #        |        |        |        
|        |        |        |        #        |        |        |        
|        |        |        |        #        |        |        |        
+--------+--------+--------+--------#--------+--------+--------+--------
|        |        |        |        #        |        |        |        
|        |        |        |        #        |        |        |        
|        |        |        |        #        |        |        |        
|        |        |        |        #        |        |        |        
+--------+--------+--------+--------/--------+--------+--------+--------
|        |        |        |        /        |        |        |        
|        |        |        |        /        |        |        |        
|        |        |        |        /        |        |        |        
|        |        |        |        /        |        |        |        
+--------+--------+--------+--------#--------+--------+--------+--------
|        |        |        |        #        |        |        |        
|        |        |        |        #        |        |        |        
|        |        |        |        #        |        |        |        
|        |        |        |        #        |        |        |        
+--------+--------+--------+--------#--------+--------+--------+--------
|        |        |        |        #        |        |        |        
|        |        |        |        #        |        |        |        
|        |        |        |        #        |        |        |        
|        |        |        |        #        |        |        |        
###############################################################/////////
|        |        |        |        #        |        |        |        
|        |        |        |        #        |        |        |        
|        |        |        |        #        |        |        |        
|        |        |        |        #        |        |        |        
+--------+--------+--------+--------#--------+--------+--------+--------
|        |        |        |        #        |        |        |        
|        |        |        |        #        |        |        |        
|        |        |        |        #        |        |        |        
|        |        |        |        #        |        |        |        
+--------+--------+--------+--------#--------+--------+--------+--------
|        |        |        |        #        |        |        |        
|        |        |        |        #        |        |        |        
|        |        |        |        #        |        |        |        
|        |        |        |        #        |        |        |        
+--------+--------+--------+--------/--------+--------+--------+--------
|        |        |        |        /        |        |        |        
|        |        |        |        /        |        |        |        
|        |        |        |        /        |        |        |        
|        |        |        |        /        |        |        |        
+--------+--------+--------+--------#--------+--------+--------+--------
|        |        |        |        #        |        |        |        
|        |        |        |        #        |        |        |        
|        |        |        |        #        |        |        |        
|        |        |        |        #        |        |        |        
+--------+--------+--------+--------#--------+--------+--------+--------
|        |        |        |  +-+   #        |        |        |        
|        |        |        |  |N|   #        |        |        |        
|        |        |        |  +-+   #        |        |        |        
|        |        |        |        #        |        |        |        




##################
|        |  +-+  #
|        |  |S|  #
|        |  +-+  #
|        |       #
+--------+-------#
|        |       #
|        |       #
|        |       #
|        |       #
+--------+-------#
|        |       #
|        |       #
|        |       #
|        |       #
+--------+-------#
|        |       #
|        |       #
|        |       #
|        |       #
+--------+-------#
|        |       #
|        |       #
|        |       #
|        |       #
+--------+-------#
|        |  +-+  #
|        |  |S|  #
|        |  +-+  #
|        |       #
##################
|        |  +-+  #
|        |  |M|  #
|        |  +-+  #
|        |       #
+--------+-------#
|        |  +-+  #
|        |  |u|  #
|        |  +-+  #
|        |       #
+--------+-------#
|        |  +-+  #
|        |  |s|  #
|        |  +-+  #
|        |       #
+--------+-------#
|        |  +-+  #
|        |  |i|  #
|        |  +-+  #
|        |       #
+--------+-------#
|        |  +-+  #
|        |  |c|  #
|        |  +-+  #
|        |       #
+--------+-------#
|        |       #
|        |       #
|        |       #
|        |       #




                           #############################################
                           #  +-+   |        |        |        |        
                           #  |D|   |        |        |        |        
                           #  +-+   |        |        |        |        
                           #        |        |        |        |        
                           #--------+--------+--------+--------+--------
                           #  +-+   |        |        |        |        
                           #  |a|   |        |        |        |        
                           #  +-+   |        |        |        |        
                           #        |        |        |        |        
                           #--------+--------+--------+--------+--------
                           #  +-+   |        |        |        |        
                           #  |n|   |        |        |        |        
                           #  +-+   |        |        |        |        
                           #        |        |        |        |        
                           #--------+--------+--------+--------+--------
                           #  +-+   |        |        |        |        
                           #  |c|   |        |        |        |        
                           #  +-+   |        |        |        |        
                           #        |        |        |        |        
                           #--------+--------+--------+--------+--------
                           #  +-+   |        |        |        |        
                           #  |e|   |        |        |        |        
                           #  +-+   |        |        |        |        
                           #        |        |        |        |        
                           #--------+--------+--------+--------+--------
                           #        |        |        |        |        
                           #        |        |        |        |        
                           #        |        |        |        |        
                           #        |        |        |        |        
                           #--------+--------+--------+--------+--------
                           #  +-+   |        |        |        |        
                           #  |P|   |        |        |        |        
                           #  +-+   |        |        |        |        
                           #        |        |        |        |        
                           #--------+--------+--------+--------+--------
                           #  +-+   |        |        |        |        
                           #  |u|   |        |        |        |        
                           #  +-+   |        |        |        |        
                           #        |        |        |        |        
                           #--------+--------+--------+--------+--------
                           #  +-+   |        |        |        |        
                           #  |n|   |        |        |        |        
                           #  +-+   |        |        |        |        
                           #        |        |        |        |        
                           #--------+--------+--------+--------+--------
                           #        |        |        |        |        
                           #        |        |        |        |        
                           #        |        |        |        |        
                           #        |        |        |        |        
                           #--------+--------+--------+--------+--------
                           #        |        |        |        |        
                           #        |        |        |        |        
                           #        |        |        |        |        
                           #        |        |        |        |        
                           #--------+--------+--------+--------+--------
                           #        |        |        |        |        
                           #        |        |        |        |        
                           #        |        |        |        |        
                           #############################################




#########/////////######################################################
|        |        |        |        |        |        |        #        
|        |        |        |        |        |        |        #        
|        |        |        |        |        |        |        #        
|        |        |        |        |        |        |        #        
+--------+--------+--------+--------+--------+--------+--------#        
|        |        |        |        |        |        |        #        
|        |        |        |        |        |        |        #        
|        |        |        |        |        |        |        #        
|        |        |        |        |        |        |        #        
+--------+--------+--------+--------+--------+--------+--------#        
|        |        |        |        |        |        |        #        
|        |        |        |        |        |        |        #        
|        |        |        |        |        |        |        #        
|        |        |        |        |        |        |        #        
+--------+--------+--------+--------+--------+--------+--------#        
|        |        |        |        |        |        |        #        
|        |        |        |        |        |        |        #        
|        |        |        |        |        |        |        #        
|        |        |        |        |        |        |        #        
+--------+--------+--------+--------+--------+--------+--------#        
|        |        |        |        |        |        |        #        
|        |        |        |        |        |        |        #        
|        |        |        |        |        |        |        #        
|        |        |        |        |        |        |        #        
+--------+--------+--------+--------+--------+--------+--------#        
|        |        |        |        |        |        |        #        
|        |        |        |        |        |        |        #        
|        |        |        |        |        |        |        #        
|        |        |        |        |        |        |        #        
+--------+--------+--------+--------+--------+--------+--------#        
|        |        |        |        |        |        |        #        
|        |        |        |        |        |        |        #        
|        |        |        |        |        |        |        #        
|        |        |        |        |        |        |        #        
+--------+--------+--------+--------+--------+--------+--------#        
|        |        |        |        |        |        |        #        
|        |        |        |        |        |        |        #        
|        |        |        |        |        |        |        #        
|        |        |        |        |        |        |        #        
+--------+--------+--------+--------+--------+--------+--------#        
|        |        |        |        |        |        |        #        
|        |        |        |        |        |        |        #        
|        |        |        |        |        |        |        #        
|        |        |        |        |        |        |        #        
+--------+--------+--------+--------+--------+--------+--------#        
|        |        |        |        |        |        |        #        
|        |        |        |        |        |        |        #        
|        |        |        |        |        |        |        #        
|        |        |        |        |        |        |        #        
+--------+--------+--------+--------+--------+--------+--------#        
|        |        |        |        |        |        |        #        
|        |        |        |        |        |        |        #        
|        |        |        |        |        |        |        #        
|        |        |        |        |        |        |        #        
+--------+--------+--------+--------+--------+--------+--------#        
|        |        |        |        |        |        |        #        
|        |        |        |        |        |        |        #        
|        |        |        |        |        |        |        #        
#########/////////##############################################        




##################
                  
                  
                  
                  
                  
                  
                  
                  
                  
                  
                  
                  
                  
                  
                  
                  
                  
                  
                  
                  
                  
                  
                  
                  
                  
                  
                  
                  
                  
                  
                  
                  
                  
                  
                  
                  
                  
                  
                  
                  
                  
                  
                  
                  
                  
                  
                  
                  
                  
                  
                  
                  
                  
                  
                  
                  
                  
                  
                  




